22/08/21 19:28:16 177 [debug]: ----------------------------------------------
22/08/21 19:28:16 182 [debug]: |            Start Express Server            |
22/08/21 19:28:16 184 [debug]: ----------------------------------------------
22/08/21 19:28:16 185 [debug]: Server Address => http://192.168.199.1:3001
22/08/21 19:28:16 186 [debug]: Server Address => http://192.168.233.1:3001
22/08/21 19:28:16 188 [debug]: Server Address => http://192.168.0.37:3001
22/08/21 19:28:16 189 [debug]: ----------------------------------------------
22/08/21 19:28:48 468 [debug]: 클라이언트가 접속했습니다.
22/08/21 19:28:48 470 [debug]: [Client] ::1 / Windows 10.0 / Chrome (104.0.0.0) / Microsoft Windows
22/08/21 19:28:48 473 [debug]: [GET] http://localhost:3001/product/1
22/08/21 19:28:48 483 [debug]: [HTTP %s Params] %s=%s
22/08/21 19:28:48 664 [info]:  >> DATABASE 접속됨 [threaId=126]
22/08/21 19:28:48 665 [info]:  >> Connection 임대됨 [threaId=126]
22/08/21 19:28:48 670 [debug]: SELECT id, product_name, price, img_url, product_state, cost FROM product WHERE category_id='1'
22/08/21 19:28:48 684 [info]:  >> Connection 반납됨 [threaId]=126
22/08/21 19:28:48 694 [debug]: 클라이언트의 접속이 종료되었습니다. ::: [Runtime] 224ms
22/08/21 19:28:48 696 [debug]: ----------------------------------------------
22/08/21 19:28:48 706 [debug]: 클라이언트가 접속했습니다.
22/08/21 19:28:48 707 [debug]: [Client] ::1 / Windows 10.0 / Chrome (104.0.0.0) / Microsoft Windows
22/08/21 19:28:48 710 [debug]: [GET] http://localhost:3001/product/1
22/08/21 19:28:48 714 [debug]: [HTTP %s Params] %s=%s
22/08/21 19:28:48 723 [info]:  >> Connection 임대됨 [threaId=126]
22/08/21 19:28:48 729 [debug]: SELECT id, product_name, price, img_url, product_state, cost FROM product WHERE category_id='1'
22/08/21 19:28:48 737 [info]:  >> Connection 반납됨 [threaId]=126
22/08/21 19:28:48 742 [debug]: 클라이언트의 접속이 종료되었습니다. ::: [Runtime] 35ms
22/08/21 19:28:48 743 [debug]: ----------------------------------------------
22/08/21 19:28:48 745 [debug]: 클라이언트가 접속했습니다.
22/08/21 19:28:48 746 [debug]: [Client] ::1 / Windows 10.0 / Chrome (104.0.0.0) / Microsoft Windows
22/08/21 19:28:48 747 [debug]: [GET] http://localhost:3001/upload/1660192982086.jpg
22/08/21 19:28:48 750 [debug]: 클라이언트가 접속했습니다.
22/08/21 19:28:48 751 [debug]: [Client] ::1 / Windows 10.0 / Chrome (104.0.0.0) / Microsoft Windows
22/08/21 19:28:48 752 [debug]: [GET] http://localhost:3001/upload/1660192987971.jpg
22/08/21 19:28:48 754 [debug]: 클라이언트가 접속했습니다.
22/08/21 19:28:48 755 [debug]: [Client] ::1 / Windows 10.0 / Chrome (104.0.0.0) / Microsoft Windows
22/08/21 19:28:48 756 [debug]: [GET] http://localhost:3001/upload/1660192969315.jpg
22/08/21 19:28:48 758 [debug]: 클라이언트가 접속했습니다.
22/08/21 19:28:48 763 [debug]: [Client] ::1 / Windows 10.0 / Chrome (104.0.0.0) / Microsoft Windows
22/08/21 19:28:48 764 [debug]: [GET] http://localhost:3001/upload/1660192975167.jpg
22/08/21 19:28:48 767 [debug]: 클라이언트가 접속했습니다.
22/08/21 19:28:48 768 [debug]: [Client] ::1 / Windows 10.0 / Chrome (104.0.0.0) / Microsoft Windows
22/08/21 19:28:48 769 [debug]: [GET] http://localhost:3001/upload/1660192992518.jpg
22/08/21 19:28:48 775 [debug]: 클라이언트의 접속이 종료되었습니다. ::: [Runtime] 29ms
22/08/21 19:28:48 775 [debug]: ----------------------------------------------
22/08/21 19:28:48 777 [debug]: 클라이언트의 접속이 종료되었습니다. ::: [Runtime] 26ms
22/08/21 19:28:48 778 [debug]: ----------------------------------------------
22/08/21 19:28:48 781 [debug]: 클라이언트의 접속이 종료되었습니다. ::: [Runtime] 26ms
22/08/21 19:28:48 782 [debug]: ----------------------------------------------
22/08/21 19:28:48 785 [debug]: 클라이언트가 접속했습니다.
22/08/21 19:28:48 786 [debug]: [Client] ::1 / Windows 10.0 / Chrome (104.0.0.0) / Microsoft Windows
22/08/21 19:28:48 787 [debug]: [GET] http://localhost:3001/upload/1660193008758.jpg
22/08/21 19:28:48 790 [debug]: 클라이언트의 접속이 종료되었습니다. ::: [Runtime] 27ms
22/08/21 19:28:48 791 [debug]: ----------------------------------------------
22/08/21 19:28:48 793 [debug]: 클라이언트의 접속이 종료되었습니다. ::: [Runtime] 25ms
22/08/21 19:28:48 793 [debug]: ----------------------------------------------
22/08/21 19:28:48 802 [debug]: 클라이언트가 접속했습니다.
22/08/21 19:28:48 809 [debug]: [Client] ::1 / Windows 10.0 / Chrome (104.0.0.0) / Microsoft Windows
22/08/21 19:28:48 811 [debug]: [GET] http://localhost:3001/upload/1660192998114.jpg
22/08/21 19:28:48 831 [debug]: 클라이언트가 접속했습니다.
22/08/21 19:28:48 836 [debug]: [Client] ::1 / Windows 10.0 / Chrome (104.0.0.0) / Microsoft Windows
22/08/21 19:28:48 840 [debug]: [GET] http://localhost:3001/upload/1660193003646.jpg
22/08/21 19:28:48 850 [debug]: 클라이언트의 접속이 종료되었습니다. ::: [Runtime] 64ms
22/08/21 19:28:48 860 [debug]: ----------------------------------------------
22/08/21 19:28:48 872 [debug]: 클라이언트의 접속이 종료되었습니다. ::: [Runtime] 63ms
22/08/21 19:28:48 878 [debug]: ----------------------------------------------
22/08/21 19:28:48 885 [debug]: 클라이언트의 접속이 종료되었습니다. ::: [Runtime] 50ms
22/08/21 19:28:48 888 [debug]: ----------------------------------------------
22/08/21 19:29:25 160 [debug]: 클라이언트가 접속했습니다.
22/08/21 19:29:25 161 [debug]: [Client] ::1 / Windows 10.0 / Chrome (104.0.0.0) / Microsoft Windows
22/08/21 19:29:25 163 [debug]: [GET] http://localhost:3001/product/3
22/08/21 19:29:25 165 [debug]: [HTTP %s Params] %s=%s
22/08/21 19:29:25 167 [info]:  >> Connection 임대됨 [threaId=126]
22/08/21 19:29:25 169 [debug]: SELECT id, product_name, price, img_url, product_state, cost FROM product WHERE category_id='3'
22/08/21 19:29:25 185 [info]:  >> Connection 반납됨 [threaId]=126
22/08/21 19:29:25 187 [debug]: 클라이언트의 접속이 종료되었습니다. ::: [Runtime] 26ms
22/08/21 19:29:25 188 [debug]: ----------------------------------------------
22/08/21 19:29:25 208 [debug]: 클라이언트가 접속했습니다.
22/08/21 19:29:25 209 [debug]: [Client] ::1 / Windows 10.0 / Chrome (104.0.0.0) / Microsoft Windows
22/08/21 19:29:25 210 [debug]: [GET] http://localhost:3001/upload/1660192084691.jpg
22/08/21 19:29:25 212 [debug]: 클라이언트가 접속했습니다.
22/08/21 19:29:25 213 [debug]: [Client] ::1 / Windows 10.0 / Chrome (104.0.0.0) / Microsoft Windows
22/08/21 19:29:25 216 [debug]: [GET] http://localhost:3001/upload/1660192090381.jpg
22/08/21 19:29:25 220 [debug]: 클라이언트가 접속했습니다.
22/08/21 19:29:25 221 [debug]: [Client] ::1 / Windows 10.0 / Chrome (104.0.0.0) / Microsoft Windows
22/08/21 19:29:25 222 [debug]: [GET] http://localhost:3001/upload/1660192101628.jpg
22/08/21 19:29:25 224 [debug]: 클라이언트가 접속했습니다.
22/08/21 19:29:25 224 [debug]: [Client] ::1 / Windows 10.0 / Chrome (104.0.0.0) / Microsoft Windows
22/08/21 19:29:25 225 [debug]: [GET] http://localhost:3001/upload/1660192095856.jpg
22/08/21 19:29:25 228 [debug]: 클라이언트가 접속했습니다.
22/08/21 19:29:25 230 [debug]: [Client] ::1 / Windows 10.0 / Chrome (104.0.0.0) / Microsoft Windows
22/08/21 19:29:25 231 [debug]: [GET] http://localhost:3001/upload/1660192106864.jpg
22/08/21 19:29:25 235 [debug]: 클라이언트가 접속했습니다.
22/08/21 19:29:25 236 [debug]: [Client] ::1 / Windows 10.0 / Chrome (104.0.0.0) / Microsoft Windows
22/08/21 19:29:25 237 [debug]: [GET] http://localhost:3001/upload/1660192114460.jpg
22/08/21 19:29:25 241 [debug]: 클라이언트의 접속이 종료되었습니다. ::: [Runtime] 32ms
22/08/21 19:29:25 242 [debug]: ----------------------------------------------
22/08/21 19:29:25 245 [debug]: 클라이언트의 접속이 종료되었습니다. ::: [Runtime] 32ms
22/08/21 19:29:25 247 [debug]: ----------------------------------------------
22/08/21 19:29:25 252 [debug]: 클라이언트의 접속이 종료되었습니다. ::: [Runtime] 31ms
22/08/21 19:29:25 253 [debug]: ----------------------------------------------
22/08/21 19:29:25 258 [debug]: 클라이언트의 접속이 종료되었습니다. ::: [Runtime] 34ms
22/08/21 19:29:25 260 [debug]: ----------------------------------------------
22/08/21 19:29:25 265 [debug]: 클라이언트의 접속이 종료되었습니다. ::: [Runtime] 35ms
22/08/21 19:29:25 270 [debug]: ----------------------------------------------
22/08/21 19:29:25 281 [debug]: 클라이언트의 접속이 종료되었습니다. ::: [Runtime] 45ms
22/08/21 19:29:25 284 [debug]: ----------------------------------------------
22/08/21 19:29:33 315 [debug]: 클라이언트가 접속했습니다.
22/08/21 19:29:33 316 [debug]: [Client] ::1 / Windows 10.0 / Chrome (104.0.0.0) / Microsoft Windows
22/08/21 19:29:33 317 [debug]: [OPTIONS] http://localhost:3001/product
22/08/21 19:29:33 322 [debug]: 클라이언트의 접속이 종료되었습니다. ::: [Runtime] 6ms
22/08/21 19:29:33 323 [debug]: ----------------------------------------------
22/08/21 19:29:33 325 [debug]: 클라이언트가 접속했습니다.
22/08/21 19:29:33 326 [debug]: [Client] ::1 / Windows 10.0 / Chrome (104.0.0.0) / Microsoft Windows
22/08/21 19:29:33 326 [debug]: [POST] http://localhost:3001/product
22/08/21 19:29:33 369 [debug]: [HTTP %s Params] %s=%s
22/08/21 19:29:33 370 [debug]: [HTTP %s Params] %s=%s
22/08/21 19:29:33 374 [info]:  >> Connection 임대됨 [threaId=126]
22/08/21 19:29:33 376 [debug]: INSERT INTO cart (amount, product_id)  VALUES ('1', '8');
22/08/21 19:29:33 404 [info]:  >> Connection 반납됨 [threaId]=126
22/08/21 19:29:33 407 [debug]: 클라이언트의 접속이 종료되었습니다. ::: [Runtime] 81ms
22/08/21 19:29:33 408 [debug]: ----------------------------------------------
22/08/21 19:36:47 046 [debug]: 클라이언트가 접속했습니다.
22/08/21 19:36:47 047 [debug]: [Client] ::1 / Windows 10.0 / Chrome (104.0.0.0) / Microsoft Windows
22/08/21 19:36:47 048 [debug]: [GET] http://localhost:3001/product/1
22/08/21 19:36:47 051 [debug]: [HTTP %s Params] %s=%s
22/08/21 19:36:47 052 [info]:  >> Connection 임대됨 [threaId=126]
22/08/21 19:36:47 054 [debug]: SELECT id, product_name, price, img_url, product_state, cost FROM product WHERE category_id='1'
22/08/21 19:36:47 064 [info]:  >> Connection 반납됨 [threaId]=126
22/08/21 19:36:47 068 [debug]: 클라이언트의 접속이 종료되었습니다. ::: [Runtime] 21ms
22/08/21 19:36:47 069 [debug]: ----------------------------------------------
22/08/21 19:36:47 071 [debug]: 클라이언트가 접속했습니다.
22/08/21 19:36:47 072 [debug]: [Client] ::1 / Windows 10.0 / Chrome (104.0.0.0) / Microsoft Windows
22/08/21 19:36:47 072 [debug]: [GET] http://localhost:3001/product/1
22/08/21 19:36:47 076 [debug]: [HTTP %s Params] %s=%s
22/08/21 19:36:47 077 [info]:  >> Connection 임대됨 [threaId=126]
22/08/21 19:36:47 078 [debug]: SELECT id, product_name, price, img_url, product_state, cost FROM product WHERE category_id='1'
22/08/21 19:36:47 081 [info]:  >> Connection 반납됨 [threaId]=126
22/08/21 19:36:47 085 [debug]: 클라이언트의 접속이 종료되었습니다. ::: [Runtime] 13ms
22/08/21 19:36:47 085 [debug]: ----------------------------------------------
22/08/21 19:36:47 092 [debug]: 클라이언트가 접속했습니다.
22/08/21 19:36:47 093 [debug]: [Client] ::1 / Windows 10.0 / Chrome (104.0.0.0) / Microsoft Windows
22/08/21 19:36:47 094 [debug]: [GET] http://localhost:3001/upload/1660192084691.jpg
22/08/21 19:36:47 096 [debug]: 클라이언트가 접속했습니다.
22/08/21 19:36:47 097 [debug]: [Client] ::1 / Windows 10.0 / Chrome (104.0.0.0) / Microsoft Windows
22/08/21 19:36:47 098 [debug]: [GET] http://localhost:3001/upload/1660192090381.jpg
22/08/21 19:36:47 100 [debug]: 클라이언트가 접속했습니다.
22/08/21 19:36:47 101 [debug]: [Client] ::1 / Windows 10.0 / Chrome (104.0.0.0) / Microsoft Windows
22/08/21 19:36:47 102 [debug]: [GET] http://localhost:3001/upload/1660192095856.jpg
22/08/21 19:36:47 104 [debug]: 클라이언트가 접속했습니다.
22/08/21 19:36:47 105 [debug]: [Client] ::1 / Windows 10.0 / Chrome (104.0.0.0) / Microsoft Windows
22/08/21 19:36:47 107 [debug]: [GET] http://localhost:3001/upload/1660192101628.jpg
22/08/21 19:36:47 111 [debug]: 클라이언트가 접속했습니다.
22/08/21 19:36:47 113 [debug]: [Client] ::1 / Windows 10.0 / Chrome (104.0.0.0) / Microsoft Windows
22/08/21 19:36:47 115 [debug]: [GET] http://localhost:3001/upload/1660192106864.jpg
22/08/21 19:36:47 120 [debug]: 클라이언트의 접속이 종료되었습니다. ::: [Runtime] 27ms
22/08/21 19:36:47 121 [debug]: ----------------------------------------------
22/08/21 19:36:47 123 [debug]: 클라이언트의 접속이 종료되었습니다. ::: [Runtime] 26ms
22/08/21 19:36:47 124 [debug]: ----------------------------------------------
22/08/21 19:36:47 127 [debug]: 클라이언트의 접속이 종료되었습니다. ::: [Runtime] 26ms
22/08/21 19:36:47 128 [debug]: ----------------------------------------------
22/08/21 19:36:47 131 [debug]: 클라이언트가 접속했습니다.
22/08/21 19:36:47 132 [debug]: [Client] ::1 / Windows 10.0 / Chrome (104.0.0.0) / Microsoft Windows
22/08/21 19:36:47 133 [debug]: [GET] http://localhost:3001/upload/1660192114460.jpg
22/08/21 19:36:47 136 [debug]: 클라이언트의 접속이 종료되었습니다. ::: [Runtime] 31ms
22/08/21 19:36:47 137 [debug]: ----------------------------------------------
22/08/21 19:36:47 142 [debug]: 클라이언트의 접속이 종료되었습니다. ::: [Runtime] 29ms
22/08/21 19:36:47 149 [debug]: ----------------------------------------------
22/08/21 19:36:47 154 [debug]: 클라이언트의 접속이 종료되었습니다. ::: [Runtime] 22ms
22/08/21 19:36:47 156 [debug]: ----------------------------------------------
22/08/21 19:36:47 166 [debug]: 클라이언트가 접속했습니다.
22/08/21 19:36:47 168 [debug]: [Client] ::1 / Windows 10.0 / Chrome (104.0.0.0) / Microsoft Windows
22/08/21 19:36:47 169 [debug]: [GET] http://localhost:3001/upload/1660193008758.jpg
22/08/21 19:36:47 171 [debug]: 클라이언트가 접속했습니다.
22/08/21 19:36:47 172 [debug]: [Client] ::1 / Windows 10.0 / Chrome (104.0.0.0) / Microsoft Windows
22/08/21 19:36:47 173 [debug]: [GET] http://localhost:3001/upload/1660193003646.jpg
22/08/21 19:36:47 176 [debug]: 클라이언트가 접속했습니다.
22/08/21 19:36:47 177 [debug]: [Client] ::1 / Windows 10.0 / Chrome (104.0.0.0) / Microsoft Windows
22/08/21 19:36:47 178 [debug]: [GET] http://localhost:3001/upload/1660192982086.jpg
22/08/21 19:36:47 180 [debug]: 클라이언트가 접속했습니다.
22/08/21 19:36:47 183 [debug]: [Client] ::1 / Windows 10.0 / Chrome (104.0.0.0) / Microsoft Windows
22/08/21 19:36:47 184 [debug]: [GET] http://localhost:3001/upload/1660192998114.jpg
22/08/21 19:36:47 186 [debug]: 클라이언트가 접속했습니다.
22/08/21 19:36:47 187 [debug]: [Client] ::1 / Windows 10.0 / Chrome (104.0.0.0) / Microsoft Windows
22/08/21 19:36:47 188 [debug]: [GET] http://localhost:3001/upload/1660192975167.jpg
22/08/21 19:36:47 190 [debug]: 클라이언트가 접속했습니다.
22/08/21 19:36:47 190 [debug]: [Client] ::1 / Windows 10.0 / Chrome (104.0.0.0) / Microsoft Windows
22/08/21 19:36:47 191 [debug]: [GET] http://localhost:3001/upload/1660192987971.jpg
22/08/21 19:36:47 193 [debug]: 클라이언트의 접속이 종료되었습니다. ::: [Runtime] 25ms
22/08/21 19:36:47 194 [debug]: ----------------------------------------------
22/08/21 19:36:47 196 [debug]: 클라이언트의 접속이 종료되었습니다. ::: [Runtime] 24ms
22/08/21 19:36:47 197 [debug]: ----------------------------------------------
22/08/21 19:36:47 201 [debug]: 클라이언트의 접속이 종료되었습니다. ::: [Runtime] 24ms
22/08/21 19:36:47 202 [debug]: ----------------------------------------------
22/08/21 19:36:47 204 [debug]: 클라이언트의 접속이 종료되었습니다. ::: [Runtime] 22ms
22/08/21 19:36:47 205 [debug]: ----------------------------------------------
22/08/21 19:36:47 207 [debug]: 클라이언트의 접속이 종료되었습니다. ::: [Runtime] 20ms
22/08/21 19:36:47 208 [debug]: ----------------------------------------------
22/08/21 19:36:47 210 [debug]: 클라이언트가 접속했습니다.
22/08/21 19:36:47 211 [debug]: [Client] ::1 / Windows 10.0 / Chrome (104.0.0.0) / Microsoft Windows
22/08/21 19:36:47 212 [debug]: [GET] http://localhost:3001/upload/1660192969315.jpg
22/08/21 19:36:47 215 [debug]: 클라이언트가 접속했습니다.
22/08/21 19:36:47 216 [debug]: [Client] ::1 / Windows 10.0 / Chrome (104.0.0.0) / Microsoft Windows
22/08/21 19:36:47 218 [debug]: [GET] http://localhost:3001/upload/1660192992518.jpg
22/08/21 19:36:47 220 [debug]: 클라이언트의 접속이 종료되었습니다. ::: [Runtime] 30ms
22/08/21 19:36:47 223 [debug]: ----------------------------------------------
22/08/21 19:36:47 244 [debug]: 클라이언트의 접속이 종료되었습니다. ::: [Runtime] 34ms
22/08/21 19:36:47 247 [debug]: ----------------------------------------------
22/08/21 19:36:47 251 [debug]: 클라이언트의 접속이 종료되었습니다. ::: [Runtime] 35ms
22/08/21 19:36:47 252 [debug]: ----------------------------------------------
22/08/21 19:36:54 793 [debug]: 클라이언트가 접속했습니다.
22/08/21 19:36:54 794 [debug]: [Client] ::1 / Windows 10.0 / Chrome (104.0.0.0) / Microsoft Windows
22/08/21 19:36:54 795 [debug]: [GET] http://localhost:3001/product/2
22/08/21 19:36:54 797 [debug]: [HTTP %s Params] %s=%s
22/08/21 19:36:54 798 [info]:  >> Connection 임대됨 [threaId=126]
22/08/21 19:36:54 801 [debug]: SELECT id, product_name, price, img_url, product_state, cost FROM product WHERE category_id='2'
22/08/21 19:36:54 803 [info]:  >> Connection 반납됨 [threaId]=126
22/08/21 19:36:54 805 [debug]: 클라이언트의 접속이 종료되었습니다. ::: [Runtime] 11ms
22/08/21 19:36:54 806 [debug]: ----------------------------------------------
22/08/21 19:36:54 834 [debug]: 클라이언트가 접속했습니다.
22/08/21 19:36:54 835 [debug]: [Client] ::1 / Windows 10.0 / Chrome (104.0.0.0) / Microsoft Windows
22/08/21 19:36:54 838 [debug]: [GET] http://localhost:3001/upload/1660193946620.jpg
22/08/21 19:36:54 841 [debug]: 클라이언트가 접속했습니다.
22/08/21 19:36:54 842 [debug]: [Client] ::1 / Windows 10.0 / Chrome (104.0.0.0) / Microsoft Windows
22/08/21 19:36:54 843 [debug]: [GET] http://localhost:3001/upload/1660193957634.jpg
22/08/21 19:36:54 845 [debug]: 클라이언트가 접속했습니다.
22/08/21 19:36:54 846 [debug]: [Client] ::1 / Windows 10.0 / Chrome (104.0.0.0) / Microsoft Windows
22/08/21 19:36:54 847 [debug]: [GET] http://localhost:3001/upload/1660193952414.jpg
22/08/21 19:36:54 848 [debug]: 클라이언트가 접속했습니다.
22/08/21 19:36:54 849 [debug]: [Client] ::1 / Windows 10.0 / Chrome (104.0.0.0) / Microsoft Windows
22/08/21 19:36:54 850 [debug]: [GET] http://localhost:3001/upload/1660193970656.jpg
22/08/21 19:36:54 857 [debug]: 클라이언트가 접속했습니다.
22/08/21 19:36:54 858 [debug]: [Client] ::1 / Windows 10.0 / Chrome (104.0.0.0) / Microsoft Windows
22/08/21 19:36:54 859 [debug]: [GET] http://localhost:3001/upload/1660193976922.jpg
22/08/21 19:36:54 862 [debug]: 클라이언트가 접속했습니다.
22/08/21 19:36:54 863 [debug]: [Client] ::1 / Windows 10.0 / Chrome (104.0.0.0) / Microsoft Windows
22/08/21 19:36:54 864 [debug]: [GET] http://localhost:3001/upload/1660193982462.jpg
22/08/21 19:36:54 866 [debug]: 클라이언트의 접속이 종료되었습니다. ::: [Runtime] 31ms
22/08/21 19:36:54 868 [debug]: ----------------------------------------------
22/08/21 19:36:54 871 [debug]: 클라이언트의 접속이 종료되었습니다. ::: [Runtime] 29ms
22/08/21 19:36:54 872 [debug]: ----------------------------------------------
22/08/21 19:36:54 874 [debug]: 클라이언트의 접속이 종료되었습니다. ::: [Runtime] 28ms
22/08/21 19:36:54 875 [debug]: ----------------------------------------------
22/08/21 19:36:54 877 [debug]: 클라이언트의 접속이 종료되었습니다. ::: [Runtime] 28ms
22/08/21 19:36:54 878 [debug]: ----------------------------------------------
22/08/21 19:36:54 881 [debug]: 클라이언트의 접속이 종료되었습니다. ::: [Runtime] 23ms
22/08/21 19:36:54 883 [debug]: ----------------------------------------------
22/08/21 19:36:54 891 [debug]: 클라이언트의 접속이 종료되었습니다. ::: [Runtime] 28ms
22/08/21 19:36:54 893 [debug]: ----------------------------------------------
22/08/21 19:37:01 706 [debug]: 클라이언트가 접속했습니다.
22/08/21 19:37:01 707 [debug]: [Client] ::1 / Windows 10.0 / Chrome (104.0.0.0) / Microsoft Windows
22/08/21 19:37:01 708 [debug]: [OPTIONS] http://localhost:3001/product
22/08/21 19:37:01 710 [debug]: 클라이언트의 접속이 종료되었습니다. ::: [Runtime] 3ms
22/08/21 19:37:01 711 [debug]: ----------------------------------------------
22/08/21 19:37:01 713 [debug]: 클라이언트가 접속했습니다.
22/08/21 19:37:01 713 [debug]: [Client] ::1 / Windows 10.0 / Chrome (104.0.0.0) / Microsoft Windows
22/08/21 19:37:01 714 [debug]: [POST] http://localhost:3001/product
22/08/21 19:37:01 716 [debug]: [HTTP %s Params] %s=%s
22/08/21 19:37:01 717 [debug]: [HTTP %s Params] %s=%s
22/08/21 19:37:01 718 [info]:  >> Connection 임대됨 [threaId=126]
22/08/21 19:37:01 719 [debug]: INSERT INTO cart (amount, product_id)  VALUES ('4', NULL);
22/08/21 19:37:01 736 [info]:  >> Connection 반납됨 [threaId]=126
22/08/21 19:37:01 738 [error]: [Error] Column 'product_id' cannot be null
22/08/21 19:37:01 740 [error]: Error: Column 'product_id' cannot be null
    at PromisePoolConnection.query (C:\Users\juae\Desktop\LargeBread_BE\node_modules\mysql2\promise.js:93:22)
    at ProductService.addCart (file:///C:/Users/juae/Desktop/LargeBread_BE/services/ProductService.js:71:40)
    at processTicksAndRejections (node:internal/process/task_queues:96:5)
    at async file:///C:/Users/juae/Desktop/LargeBread_BE/controllers/ProductController.js:36:20
22/08/21 19:37:01 745 [debug]: 클라이언트의 접속이 종료되었습니다. ::: [Runtime] 32ms
22/08/21 19:37:01 746 [debug]: ----------------------------------------------
22/08/21 19:39:37 138 [debug]: 클라이언트가 접속했습니다.
22/08/21 19:39:37 139 [debug]: [Client] ::1 / Windows 10.0 / Chrome (104.0.0.0) / Microsoft Windows
22/08/21 19:39:37 140 [debug]: [GET] http://localhost:3001/product/1
22/08/21 19:39:37 142 [debug]: [HTTP %s Params] %s=%s
22/08/21 19:39:37 144 [info]:  >> Connection 임대됨 [threaId=126]
22/08/21 19:39:37 147 [debug]: SELECT id, product_name, price, img_url, product_state, cost FROM product WHERE category_id='1'
22/08/21 19:39:37 150 [info]:  >> Connection 반납됨 [threaId]=126
22/08/21 19:39:37 153 [debug]: 클라이언트의 접속이 종료되었습니다. ::: [Runtime] 15ms
22/08/21 19:39:37 154 [debug]: ----------------------------------------------
22/08/21 19:39:37 157 [debug]: 클라이언트가 접속했습니다.
22/08/21 19:39:37 158 [debug]: [Client] ::1 / Windows 10.0 / Chrome (104.0.0.0) / Microsoft Windows
22/08/21 19:39:37 159 [debug]: [GET] http://localhost:3001/product/1
22/08/21 19:39:37 162 [debug]: [HTTP %s Params] %s=%s
22/08/21 19:39:37 164 [info]:  >> Connection 임대됨 [threaId=126]
22/08/21 19:39:37 166 [debug]: SELECT id, product_name, price, img_url, product_state, cost FROM product WHERE category_id='1'
22/08/21 19:39:37 168 [info]:  >> Connection 반납됨 [threaId]=126
22/08/21 19:39:37 173 [debug]: 클라이언트의 접속이 종료되었습니다. ::: [Runtime] 15ms
22/08/21 19:39:37 175 [debug]: ----------------------------------------------
22/08/21 19:39:37 178 [debug]: 클라이언트가 접속했습니다.
22/08/21 19:39:37 184 [debug]: [Client] ::1 / Windows 10.0 / Chrome (104.0.0.0) / Microsoft Windows
22/08/21 19:39:37 188 [debug]: [GET] http://localhost:3001/upload/1660193946620.jpg
22/08/21 19:39:37 197 [debug]: 클라이언트가 접속했습니다.
22/08/21 19:39:37 198 [debug]: [Client] ::1 / Windows 10.0 / Chrome (104.0.0.0) / Microsoft Windows
22/08/21 19:39:37 199 [debug]: [GET] http://localhost:3001/upload/1660193952414.jpg
22/08/21 19:39:37 201 [debug]: 클라이언트가 접속했습니다.
22/08/21 19:39:37 202 [debug]: [Client] ::1 / Windows 10.0 / Chrome (104.0.0.0) / Microsoft Windows
22/08/21 19:39:37 203 [debug]: [GET] http://localhost:3001/upload/1660193957634.jpg
22/08/21 19:39:37 206 [debug]: 클라이언트가 접속했습니다.
22/08/21 19:39:37 208 [debug]: [Client] ::1 / Windows 10.0 / Chrome (104.0.0.0) / Microsoft Windows
22/08/21 19:39:37 210 [debug]: [GET] http://localhost:3001/upload/1660193970656.jpg
22/08/21 19:39:37 215 [debug]: 클라이언트가 접속했습니다.
22/08/21 19:39:37 223 [debug]: [Client] ::1 / Windows 10.0 / Chrome (104.0.0.0) / Microsoft Windows
22/08/21 19:39:37 225 [debug]: [GET] http://localhost:3001/upload/1660193976922.jpg
22/08/21 19:39:37 232 [debug]: 클라이언트가 접속했습니다.
22/08/21 19:39:37 235 [debug]: [Client] ::1 / Windows 10.0 / Chrome (104.0.0.0) / Microsoft Windows
22/08/21 19:39:37 239 [debug]: [GET] http://localhost:3001/upload/1660193982462.jpg
22/08/21 19:39:37 248 [debug]: 클라이언트의 접속이 종료되었습니다. ::: [Runtime] 65ms
22/08/21 19:39:37 252 [debug]: ----------------------------------------------
22/08/21 19:39:37 255 [debug]: 클라이언트의 접속이 종료되었습니다. ::: [Runtime] 57ms
22/08/21 19:39:37 256 [debug]: ----------------------------------------------
22/08/21 19:39:37 260 [debug]: 클라이언트의 접속이 종료되었습니다. ::: [Runtime] 58ms
22/08/21 19:39:37 266 [debug]: ----------------------------------------------
22/08/21 19:39:37 269 [debug]: 클라이언트의 접속이 종료되었습니다. ::: [Runtime] 62ms
22/08/21 19:39:37 271 [debug]: ----------------------------------------------
22/08/21 19:39:37 276 [debug]: 클라이언트의 접속이 종료되었습니다. ::: [Runtime] 53ms
22/08/21 19:39:37 279 [debug]: ----------------------------------------------
22/08/21 19:39:37 282 [debug]: 클라이언트의 접속이 종료되었습니다. ::: [Runtime] 47ms
22/08/21 19:39:37 283 [debug]: ----------------------------------------------
22/08/21 19:39:37 285 [debug]: 클라이언트가 접속했습니다.
22/08/21 19:39:37 287 [debug]: [Client] ::1 / Windows 10.0 / Chrome (104.0.0.0) / Microsoft Windows
22/08/21 19:39:37 288 [debug]: [GET] http://localhost:3001/upload/1660192975167.jpg
22/08/21 19:39:37 292 [debug]: 클라이언트가 접속했습니다.
22/08/21 19:39:37 295 [debug]: [Client] ::1 / Windows 10.0 / Chrome (104.0.0.0) / Microsoft Windows
22/08/21 19:39:37 296 [debug]: [GET] http://localhost:3001/upload/1660192982086.jpg
22/08/21 19:39:37 298 [debug]: 클라이언트가 접속했습니다.
22/08/21 19:39:37 300 [debug]: [Client] ::1 / Windows 10.0 / Chrome (104.0.0.0) / Microsoft Windows
22/08/21 19:39:37 302 [debug]: [GET] http://localhost:3001/upload/1660192992518.jpg
22/08/21 19:39:37 303 [debug]: 클라이언트가 접속했습니다.
22/08/21 19:39:37 304 [debug]: [Client] ::1 / Windows 10.0 / Chrome (104.0.0.0) / Microsoft Windows
22/08/21 19:39:37 305 [debug]: [GET] http://localhost:3001/upload/1660192969315.jpg
22/08/21 19:39:37 307 [debug]: 클라이언트가 접속했습니다.
22/08/21 19:39:37 308 [debug]: [Client] ::1 / Windows 10.0 / Chrome (104.0.0.0) / Microsoft Windows
22/08/21 19:39:37 310 [debug]: [GET] http://localhost:3001/upload/1660192998114.jpg
22/08/21 19:39:37 312 [debug]: 클라이언트가 접속했습니다.
22/08/21 19:39:37 312 [debug]: [Client] ::1 / Windows 10.0 / Chrome (104.0.0.0) / Microsoft Windows
22/08/21 19:39:37 313 [debug]: [GET] http://localhost:3001/upload/1660192987971.jpg
22/08/21 19:39:37 316 [debug]: 클라이언트의 접속이 종료되었습니다. ::: [Runtime] 29ms
22/08/21 19:39:37 317 [debug]: ----------------------------------------------
22/08/21 19:39:37 319 [debug]: 클라이언트의 접속이 종료되었습니다. ::: [Runtime] 24ms
22/08/21 19:39:37 320 [debug]: ----------------------------------------------
22/08/21 19:39:37 323 [debug]: 클라이언트의 접속이 종료되었습니다. ::: [Runtime] 23ms
22/08/21 19:39:37 324 [debug]: ----------------------------------------------
22/08/21 19:39:37 327 [debug]: 클라이언트의 접속이 종료되었습니다. ::: [Runtime] 23ms
22/08/21 19:39:37 328 [debug]: ----------------------------------------------
22/08/21 19:39:37 332 [debug]: 클라이언트의 접속이 종료되었습니다. ::: [Runtime] 25ms
22/08/21 19:39:37 343 [debug]: ----------------------------------------------
22/08/21 19:39:37 347 [debug]: 클라이언트의 접속이 종료되었습니다. ::: [Runtime] 34ms
22/08/21 19:39:37 348 [debug]: ----------------------------------------------
22/08/21 19:39:37 353 [debug]: 클라이언트가 접속했습니다.
22/08/21 19:39:37 354 [debug]: [Client] ::1 / Windows 10.0 / Chrome (104.0.0.0) / Microsoft Windows
22/08/21 19:39:37 355 [debug]: [GET] http://localhost:3001/upload/1660193003646.jpg
22/08/21 19:39:37 356 [debug]: 클라이언트가 접속했습니다.
22/08/21 19:39:37 357 [debug]: [Client] ::1 / Windows 10.0 / Chrome (104.0.0.0) / Microsoft Windows
22/08/21 19:39:37 357 [debug]: [GET] http://localhost:3001/upload/1660193008758.jpg
22/08/21 19:39:37 360 [debug]: 클라이언트의 접속이 종료되었습니다. ::: [Runtime] 6ms
22/08/21 19:39:37 361 [debug]: ----------------------------------------------
22/08/21 19:39:37 362 [debug]: 클라이언트의 접속이 종료되었습니다. ::: [Runtime] 5ms
22/08/21 19:39:37 364 [debug]: ----------------------------------------------
22/08/21 19:39:43 268 [debug]: 클라이언트가 접속했습니다.
22/08/21 19:39:43 269 [debug]: [Client] ::1 / Windows 10.0 / Chrome (104.0.0.0) / Microsoft Windows
22/08/21 19:39:43 269 [debug]: [OPTIONS] http://localhost:3001/product
22/08/21 19:39:43 271 [debug]: 클라이언트의 접속이 종료되었습니다. ::: [Runtime] 3ms
22/08/21 19:39:43 272 [debug]: ----------------------------------------------
22/08/21 19:39:43 274 [debug]: 클라이언트가 접속했습니다.
22/08/21 19:39:43 275 [debug]: [Client] ::1 / Windows 10.0 / Chrome (104.0.0.0) / Microsoft Windows
22/08/21 19:39:43 275 [debug]: [POST] http://localhost:3001/product
22/08/21 19:39:43 278 [debug]: [HTTP %s Params] %s=%s
22/08/21 19:39:43 279 [debug]: [HTTP %s Params] %s=%s
22/08/21 19:39:43 280 [info]:  >> Connection 임대됨 [threaId=126]
22/08/21 19:39:43 282 [debug]: INSERT INTO cart (amount, product_id)  VALUES ('1', '9');
22/08/21 19:39:43 308 [info]:  >> Connection 반납됨 [threaId]=126
22/08/21 19:39:43 310 [debug]: 클라이언트의 접속이 종료되었습니다. ::: [Runtime] 35ms
22/08/21 19:39:43 311 [debug]: ----------------------------------------------
22/08/21 19:40:42 421 [debug]: 클라이언트가 접속했습니다.
22/08/21 19:40:42 422 [debug]: [Client] ::1 / Windows 10.0 / Chrome (104.0.0.0) / Microsoft Windows
22/08/21 19:40:42 423 [debug]: [GET] http://localhost:3001/product/1
22/08/21 19:40:42 425 [debug]: [HTTP %s Params] %s=%s
22/08/21 19:40:42 426 [info]:  >> Connection 임대됨 [threaId=126]
22/08/21 19:40:42 428 [debug]: SELECT id, product_name, price, img_url, product_state, cost FROM product WHERE category_id='1'
22/08/21 19:40:42 430 [info]:  >> Connection 반납됨 [threaId]=126
22/08/21 19:40:42 434 [debug]: 클라이언트의 접속이 종료되었습니다. ::: [Runtime] 12ms
22/08/21 19:40:42 435 [debug]: ----------------------------------------------
22/08/21 19:40:42 444 [debug]: 클라이언트가 접속했습니다.
22/08/21 19:40:42 445 [debug]: [Client] ::1 / Windows 10.0 / Chrome (104.0.0.0) / Microsoft Windows
22/08/21 19:40:42 446 [debug]: [GET] http://localhost:3001/product/1
22/08/21 19:40:42 448 [debug]: [HTTP %s Params] %s=%s
22/08/21 19:40:42 450 [info]:  >> Connection 임대됨 [threaId=126]
22/08/21 19:40:42 453 [debug]: SELECT id, product_name, price, img_url, product_state, cost FROM product WHERE category_id='1'
22/08/21 19:40:42 456 [info]:  >> Connection 반납됨 [threaId]=126
22/08/21 19:40:42 458 [debug]: 클라이언트의 접속이 종료되었습니다. ::: [Runtime] 13ms
22/08/21 19:40:42 459 [debug]: ----------------------------------------------
22/08/21 19:44:31 548 [debug]: 클라이언트가 접속했습니다.
22/08/21 19:44:31 550 [debug]: [Client] ::1 / Windows 10.0 / Chrome (104.0.0.0) / Microsoft Windows
22/08/21 19:44:31 552 [debug]: [OPTIONS] http://localhost:3001/product
22/08/21 19:44:31 555 [debug]: 클라이언트의 접속이 종료되었습니다. ::: [Runtime] 5ms
22/08/21 19:44:31 556 [debug]: ----------------------------------------------
22/08/21 19:44:31 558 [debug]: 클라이언트가 접속했습니다.
22/08/21 19:44:31 559 [debug]: [Client] ::1 / Windows 10.0 / Chrome (104.0.0.0) / Microsoft Windows
22/08/21 19:44:31 560 [debug]: [POST] http://localhost:3001/product
22/08/21 19:44:31 563 [debug]: [HTTP %s Params] %s=%s
22/08/21 19:44:31 564 [debug]: [HTTP %s Params] %s=%s
22/08/21 19:44:31 565 [info]:  >> Connection 임대됨 [threaId=126]
22/08/21 19:44:31 566 [debug]: INSERT INTO cart (amount, product_id)  VALUES ('1', '11');
22/08/21 19:44:31 568 [debug]: 클라이언트가 접속했습니다.
22/08/21 19:44:31 569 [debug]: [Client] ::1 / Windows 10.0 / Chrome (104.0.0.0) / Microsoft Windows
22/08/21 19:44:31 570 [debug]: [OPTIONS] http://localhost:3001/product
22/08/21 19:44:31 571 [debug]: 클라이언트의 접속이 종료되었습니다. ::: [Runtime] 2ms
22/08/21 19:44:31 572 [debug]: ----------------------------------------------
22/08/21 19:44:31 573 [debug]: 클라이언트가 접속했습니다.
22/08/21 19:44:31 574 [debug]: [Client] ::1 / Windows 10.0 / Chrome (104.0.0.0) / Microsoft Windows
22/08/21 19:44:31 575 [debug]: [POST] http://localhost:3001/product
22/08/21 19:44:31 578 [debug]: [HTTP %s Params] %s=%s
22/08/21 19:44:31 578 [debug]: [HTTP %s Params] %s=%s
22/08/21 19:44:31 589 [info]:  >> Connection 반납됨 [threaId]=126
22/08/21 19:44:31 592 [debug]: 클라이언트의 접속이 종료되었습니다. ::: [Runtime] 33ms
22/08/21 19:44:31 594 [debug]: ----------------------------------------------
22/08/21 19:44:31 609 [info]:  >> DATABASE 접속됨 [threaId=128]
22/08/21 19:44:31 609 [info]:  >> Connection 임대됨 [threaId=128]
22/08/21 19:44:31 611 [debug]: INSERT INTO cart (amount, product_id)  VALUES ('1', '12');
22/08/21 19:44:31 621 [info]:  >> Connection 반납됨 [threaId]=128
22/08/21 19:44:31 623 [debug]: 클라이언트의 접속이 종료되었습니다. ::: [Runtime] 49ms
22/08/21 19:44:31 624 [debug]: ----------------------------------------------
22/08/21 19:44:39 368 [debug]: 클라이언트가 접속했습니다.
22/08/21 19:44:39 368 [debug]: [Client] ::1 / Windows 10.0 / Chrome (104.0.0.0) / Microsoft Windows
22/08/21 19:44:39 369 [debug]: [GET] http://localhost:3001/product/1
22/08/21 19:44:39 371 [debug]: [HTTP %s Params] %s=%s
22/08/21 19:44:39 373 [info]:  >> Connection 임대됨 [threaId=126]
22/08/21 19:44:39 375 [debug]: SELECT id, product_name, price, img_url, product_state, cost FROM product WHERE category_id='1'
22/08/21 19:44:39 390 [info]:  >> Connection 반납됨 [threaId]=126
22/08/21 19:44:39 394 [debug]: 클라이언트의 접속이 종료되었습니다. ::: [Runtime] 26ms
22/08/21 19:44:39 395 [debug]: ----------------------------------------------
22/08/21 19:44:39 398 [debug]: 클라이언트가 접속했습니다.
22/08/21 19:44:39 399 [debug]: [Client] ::1 / Windows 10.0 / Chrome (104.0.0.0) / Microsoft Windows
22/08/21 19:44:39 400 [debug]: [GET] http://localhost:3001/product/1
22/08/21 19:44:39 404 [debug]: [HTTP %s Params] %s=%s
22/08/21 19:44:39 407 [info]:  >> Connection 임대됨 [threaId=128]
22/08/21 19:44:39 410 [debug]: SELECT id, product_name, price, img_url, product_state, cost FROM product WHERE category_id='1'
22/08/21 19:44:39 417 [debug]: 클라이언트가 접속했습니다.
22/08/21 19:44:39 418 [debug]: [Client] ::1 / Windows 10.0 / Chrome (104.0.0.0) / Microsoft Windows
22/08/21 19:44:39 419 [debug]: [GET] http://localhost:3001/upload/1660192969315.jpg
22/08/21 19:44:39 422 [debug]: 클라이언트가 접속했습니다.
22/08/21 19:44:39 423 [debug]: [Client] ::1 / Windows 10.0 / Chrome (104.0.0.0) / Microsoft Windows
22/08/21 19:44:39 424 [debug]: [GET] http://localhost:3001/upload/1660192975167.jpg
22/08/21 19:44:39 426 [debug]: 클라이언트가 접속했습니다.
22/08/21 19:44:39 429 [debug]: [Client] ::1 / Windows 10.0 / Chrome (104.0.0.0) / Microsoft Windows
22/08/21 19:44:39 433 [debug]: [GET] http://localhost:3001/upload/1660192982086.jpg
22/08/21 19:44:39 438 [debug]: 클라이언트가 접속했습니다.
22/08/21 19:44:39 441 [debug]: [Client] ::1 / Windows 10.0 / Chrome (104.0.0.0) / Microsoft Windows
22/08/21 19:44:39 464 [debug]: [GET] http://localhost:3001/upload/1660192987971.jpg
22/08/21 19:44:39 468 [debug]: 클라이언트가 접속했습니다.
22/08/21 19:44:39 469 [debug]: [Client] ::1 / Windows 10.0 / Chrome (104.0.0.0) / Microsoft Windows
22/08/21 19:44:39 470 [debug]: [GET] http://localhost:3001/upload/1660192992518.jpg
22/08/21 19:44:39 474 [info]:  >> Connection 반납됨 [threaId]=128
22/08/21 19:44:39 476 [debug]: 클라이언트의 접속이 종료되었습니다. ::: [Runtime] 77ms
22/08/21 19:44:39 478 [debug]: ----------------------------------------------
22/08/21 19:44:39 483 [debug]: 클라이언트의 접속이 종료되었습니다. ::: [Runtime] 65ms
22/08/21 19:44:39 486 [debug]: ----------------------------------------------
22/08/21 19:44:39 501 [debug]: 클라이언트의 접속이 종료되었습니다. ::: [Runtime] 78ms
22/08/21 19:44:39 502 [debug]: ----------------------------------------------
22/08/21 19:44:39 504 [debug]: 클라이언트의 접속이 종료되었습니다. ::: [Runtime] 75ms
22/08/21 19:44:39 505 [debug]: ----------------------------------------------
22/08/21 19:44:39 506 [debug]: 클라이언트의 접속이 종료되었습니다. ::: [Runtime] 65ms
22/08/21 19:44:39 509 [debug]: ----------------------------------------------
22/08/21 19:44:39 512 [debug]: 클라이언트의 접속이 종료되었습니다. ::: [Runtime] 43ms
22/08/21 19:44:39 514 [debug]: ----------------------------------------------
22/08/21 19:44:39 520 [debug]: 클라이언트가 접속했습니다.
22/08/21 19:44:39 522 [debug]: [Client] ::1 / Windows 10.0 / Chrome (104.0.0.0) / Microsoft Windows
22/08/21 19:44:39 525 [debug]: [GET] http://localhost:3001/upload/1660193003646.jpg
22/08/21 19:44:39 530 [debug]: 클라이언트가 접속했습니다.
22/08/21 19:44:39 531 [debug]: [Client] ::1 / Windows 10.0 / Chrome (104.0.0.0) / Microsoft Windows
22/08/21 19:44:39 531 [debug]: [GET] http://localhost:3001/upload/1660193008758.jpg
22/08/21 19:44:39 533 [debug]: 클라이언트가 접속했습니다.
22/08/21 19:44:39 534 [debug]: [Client] ::1 / Windows 10.0 / Chrome (104.0.0.0) / Microsoft Windows
22/08/21 19:44:39 535 [debug]: [GET] http://localhost:3001/upload/1660192998114.jpg
22/08/21 19:44:39 537 [debug]: 클라이언트의 접속이 종료되었습니다. ::: [Runtime] 15ms
22/08/21 19:44:39 538 [debug]: ----------------------------------------------
22/08/21 19:44:39 540 [debug]: 클라이언트의 접속이 종료되었습니다. ::: [Runtime] 10ms
22/08/21 19:44:39 543 [debug]: ----------------------------------------------
22/08/21 19:44:39 545 [debug]: 클라이언트의 접속이 종료되었습니다. ::: [Runtime] 11ms
22/08/21 19:44:39 546 [debug]: ----------------------------------------------
22/08/21 19:44:48 459 [debug]: 클라이언트가 접속했습니다.
22/08/21 19:44:48 460 [debug]: [Client] ::1 / Windows 10.0 / Chrome (104.0.0.0) / Microsoft Windows
22/08/21 19:44:48 461 [debug]: [OPTIONS] http://localhost:3001/product
22/08/21 19:44:48 462 [debug]: 클라이언트의 접속이 종료되었습니다. ::: [Runtime] 2ms
22/08/21 19:44:48 463 [debug]: ----------------------------------------------
22/08/21 19:44:48 464 [debug]: 클라이언트가 접속했습니다.
22/08/21 19:44:48 465 [debug]: [Client] ::1 / Windows 10.0 / Chrome (104.0.0.0) / Microsoft Windows
22/08/21 19:44:48 466 [debug]: [POST] http://localhost:3001/product
22/08/21 19:44:48 468 [debug]: [HTTP %s Params] %s=%s
22/08/21 19:44:48 468 [debug]: [HTTP %s Params] %s=%s
22/08/21 19:44:48 469 [info]:  >> Connection 임대됨 [threaId=126]
22/08/21 19:44:48 470 [debug]: INSERT INTO cart (amount, product_id)  VALUES ('4', '9');
22/08/21 19:44:48 473 [debug]: 클라이언트가 접속했습니다.
22/08/21 19:44:48 473 [debug]: [Client] ::1 / Windows 10.0 / Chrome (104.0.0.0) / Microsoft Windows
22/08/21 19:44:48 474 [debug]: [OPTIONS] http://localhost:3001/product
22/08/21 19:44:48 476 [debug]: 클라이언트의 접속이 종료되었습니다. ::: [Runtime] 3ms
22/08/21 19:44:48 477 [debug]: ----------------------------------------------
22/08/21 19:44:48 479 [debug]: 클라이언트가 접속했습니다.
22/08/21 19:44:48 480 [debug]: [Client] ::1 / Windows 10.0 / Chrome (104.0.0.0) / Microsoft Windows
22/08/21 19:44:48 481 [debug]: [POST] http://localhost:3001/product
22/08/21 19:44:48 483 [debug]: [HTTP %s Params] %s=%s
22/08/21 19:44:48 484 [debug]: [HTTP %s Params] %s=%s
22/08/21 19:44:48 485 [info]:  >> Connection 임대됨 [threaId=128]
22/08/21 19:44:48 487 [debug]: INSERT INTO cart (amount, product_id)  VALUES ('4', '10');
22/08/21 19:44:48 493 [info]:  >> Connection 반납됨 [threaId]=126
22/08/21 19:44:48 496 [debug]: 클라이언트의 접속이 종료되었습니다. ::: [Runtime] 31ms
22/08/21 19:44:48 497 [debug]: ----------------------------------------------
22/08/21 19:44:48 498 [info]:  >> Connection 반납됨 [threaId]=128
22/08/21 19:44:48 500 [debug]: 클라이언트의 접속이 종료되었습니다. ::: [Runtime] 20ms
22/08/21 19:44:48 502 [debug]: ----------------------------------------------
22/08/21 19:44:59 093 [debug]: 클라이언트가 접속했습니다.
22/08/21 19:44:59 094 [debug]: [Client] ::1 / Windows 10.0 / Chrome (104.0.0.0) / Microsoft Windows
22/08/21 19:44:59 096 [debug]: [GET] http://localhost:3001/product/1
22/08/21 19:44:59 098 [debug]: [HTTP %s Params] %s=%s
22/08/21 19:44:59 100 [info]:  >> Connection 임대됨 [threaId=126]
22/08/21 19:44:59 102 [debug]: SELECT id, product_name, price, img_url, product_state, cost FROM product WHERE category_id='1'
22/08/21 19:44:59 104 [info]:  >> Connection 반납됨 [threaId]=126
22/08/21 19:44:59 106 [debug]: 클라이언트의 접속이 종료되었습니다. ::: [Runtime] 12ms
22/08/21 19:44:59 108 [debug]: ----------------------------------------------
22/08/21 19:44:59 110 [debug]: 클라이언트가 접속했습니다.
22/08/21 19:44:59 112 [debug]: [Client] ::1 / Windows 10.0 / Chrome (104.0.0.0) / Microsoft Windows
22/08/21 19:44:59 113 [debug]: [GET] http://localhost:3001/product/1
22/08/21 19:44:59 117 [debug]: [HTTP %s Params] %s=%s
22/08/21 19:44:59 119 [info]:  >> Connection 임대됨 [threaId=128]
22/08/21 19:44:59 121 [debug]: SELECT id, product_name, price, img_url, product_state, cost FROM product WHERE category_id='1'
22/08/21 19:44:59 124 [info]:  >> Connection 반납됨 [threaId]=128
22/08/21 19:44:59 127 [debug]: 클라이언트의 접속이 종료되었습니다. ::: [Runtime] 15ms
22/08/21 19:44:59 127 [debug]: ----------------------------------------------
22/08/21 19:46:58 813 [debug]: 클라이언트가 접속했습니다.
22/08/21 19:46:58 813 [debug]: [Client] ::1 / Windows 10.0 / Chrome (104.0.0.0) / Microsoft Windows
22/08/21 19:46:58 814 [debug]: [GET] http://localhost:3001/product/2
22/08/21 19:46:58 816 [debug]: [HTTP %s Params] %s=%s
22/08/21 19:46:58 818 [info]:  >> Connection 임대됨 [threaId=126]
22/08/21 19:46:58 819 [debug]: SELECT id, product_name, price, img_url, product_state, cost FROM product WHERE category_id='2'
22/08/21 19:46:58 821 [info]:  >> Connection 반납됨 [threaId]=126
22/08/21 19:46:58 823 [debug]: 클라이언트의 접속이 종료되었습니다. ::: [Runtime] 10ms
22/08/21 19:46:58 824 [debug]: ----------------------------------------------
22/08/21 19:46:58 839 [debug]: 클라이언트가 접속했습니다.
22/08/21 19:46:58 840 [debug]: [Client] ::1 / Windows 10.0 / Chrome (104.0.0.0) / Microsoft Windows
22/08/21 19:46:58 841 [debug]: [GET] http://localhost:3001/upload/1660193946620.jpg
22/08/21 19:46:58 844 [debug]: 클라이언트가 접속했습니다.
22/08/21 19:46:58 845 [debug]: [Client] ::1 / Windows 10.0 / Chrome (104.0.0.0) / Microsoft Windows
22/08/21 19:46:58 847 [debug]: [GET] http://localhost:3001/upload/1660193952414.jpg
22/08/21 19:46:58 855 [debug]: 클라이언트가 접속했습니다.
22/08/21 19:46:58 856 [debug]: [Client] ::1 / Windows 10.0 / Chrome (104.0.0.0) / Microsoft Windows
22/08/21 19:46:58 857 [debug]: [GET] http://localhost:3001/upload/1660193957634.jpg
22/08/21 19:46:58 858 [debug]: 클라이언트가 접속했습니다.
22/08/21 19:46:58 860 [debug]: [Client] ::1 / Windows 10.0 / Chrome (104.0.0.0) / Microsoft Windows
22/08/21 19:46:58 861 [debug]: [GET] http://localhost:3001/upload/1660193970656.jpg
22/08/21 19:46:58 866 [debug]: 클라이언트가 접속했습니다.
22/08/21 19:46:58 867 [debug]: [Client] ::1 / Windows 10.0 / Chrome (104.0.0.0) / Microsoft Windows
22/08/21 19:46:58 868 [debug]: [GET] http://localhost:3001/upload/1660193976922.jpg
22/08/21 19:46:58 871 [debug]: 클라이언트가 접속했습니다.
22/08/21 19:46:58 874 [debug]: [Client] ::1 / Windows 10.0 / Chrome (104.0.0.0) / Microsoft Windows
22/08/21 19:46:58 875 [debug]: [GET] http://localhost:3001/upload/1660193982462.jpg
22/08/21 19:46:58 878 [debug]: 클라이언트의 접속이 종료되었습니다. ::: [Runtime] 38ms
22/08/21 19:46:58 879 [debug]: ----------------------------------------------
22/08/21 19:46:58 881 [debug]: 클라이언트의 접속이 종료되었습니다. ::: [Runtime] 36ms
22/08/21 19:46:58 881 [debug]: ----------------------------------------------
22/08/21 19:46:58 884 [debug]: 클라이언트의 접속이 종료되었습니다. ::: [Runtime] 28ms
22/08/21 19:46:58 886 [debug]: ----------------------------------------------
22/08/21 19:46:58 888 [debug]: 클라이언트의 접속이 종료되었습니다. ::: [Runtime] 28ms
22/08/21 19:46:58 889 [debug]: ----------------------------------------------
22/08/21 19:46:58 891 [debug]: 클라이언트의 접속이 종료되었습니다. ::: [Runtime] 24ms
22/08/21 19:46:58 893 [debug]: ----------------------------------------------
22/08/21 19:46:58 903 [debug]: 클라이언트의 접속이 종료되었습니다. ::: [Runtime] 29ms
22/08/21 19:46:58 905 [debug]: ----------------------------------------------
22/08/21 19:47:08 064 [debug]: 클라이언트가 접속했습니다.
22/08/21 19:47:08 065 [debug]: [Client] ::1 / Windows 10.0 / Chrome (104.0.0.0) / Microsoft Windows
22/08/21 19:47:08 066 [debug]: [OPTIONS] http://localhost:3001/product
22/08/21 19:47:08 068 [debug]: 클라이언트의 접속이 종료되었습니다. ::: [Runtime] 3ms
22/08/21 19:47:08 069 [debug]: ----------------------------------------------
22/08/21 19:47:08 071 [debug]: 클라이언트가 접속했습니다.
22/08/21 19:47:08 072 [debug]: [Client] ::1 / Windows 10.0 / Chrome (104.0.0.0) / Microsoft Windows
22/08/21 19:47:08 072 [debug]: [POST] http://localhost:3001/product
22/08/21 19:47:08 074 [debug]: [HTTP %s Params] %s=%s
22/08/21 19:47:08 075 [debug]: [HTTP %s Params] %s=%s
22/08/21 19:47:08 075 [info]:  >> Connection 임대됨 [threaId=128]
22/08/21 19:47:08 076 [debug]: INSERT INTO cart (amount, product_id)  VALUES ('3', '29');
22/08/21 19:47:08 078 [debug]: 클라이언트가 접속했습니다.
22/08/21 19:47:08 079 [debug]: [Client] ::1 / Windows 10.0 / Chrome (104.0.0.0) / Microsoft Windows
22/08/21 19:47:08 080 [debug]: [OPTIONS] http://localhost:3001/product
22/08/21 19:47:08 082 [debug]: 클라이언트의 접속이 종료되었습니다. ::: [Runtime] 3ms
22/08/21 19:47:08 083 [debug]: ----------------------------------------------
22/08/21 19:47:08 085 [debug]: 클라이언트가 접속했습니다.
22/08/21 19:47:08 085 [debug]: [Client] ::1 / Windows 10.0 / Chrome (104.0.0.0) / Microsoft Windows
22/08/21 19:47:08 086 [debug]: [POST] http://localhost:3001/product
22/08/21 19:47:08 088 [debug]: [HTTP %s Params] %s=%s
22/08/21 19:47:08 089 [debug]: [HTTP %s Params] %s=%s
22/08/21 19:47:08 090 [info]:  >> Connection 임대됨 [threaId=126]
22/08/21 19:47:08 092 [debug]: INSERT INTO cart (amount, product_id)  VALUES ('3', '31');
22/08/21 19:47:08 102 [info]:  >> Connection 반납됨 [threaId]=128
22/08/21 19:47:08 104 [debug]: 클라이언트의 접속이 종료되었습니다. ::: [Runtime] 33ms
22/08/21 19:47:08 105 [debug]: ----------------------------------------------
22/08/21 19:47:08 106 [info]:  >> Connection 반납됨 [threaId]=126
22/08/21 19:47:08 110 [debug]: 클라이언트의 접속이 종료되었습니다. ::: [Runtime] 25ms
22/08/21 19:47:08 112 [debug]: ----------------------------------------------
22/08/21 19:49:23 911 [debug]: 클라이언트가 접속했습니다.
22/08/21 19:49:23 912 [debug]: [Client] ::1 / Windows 10.0 / Chrome (104.0.0.0) / Microsoft Windows
22/08/21 19:49:23 913 [debug]: [GET] http://localhost:3001/product/1
22/08/21 19:49:23 915 [debug]: [HTTP %s Params] %s=%s
22/08/21 19:49:23 916 [info]:  >> Connection 임대됨 [threaId=128]
22/08/21 19:49:23 917 [debug]: SELECT id, product_name, price, img_url, product_state, cost FROM product WHERE category_id='1'
22/08/21 19:49:23 920 [info]:  >> Connection 반납됨 [threaId]=128
22/08/21 19:49:23 923 [debug]: 클라이언트의 접속이 종료되었습니다. ::: [Runtime] 11ms
22/08/21 19:49:23 924 [debug]: ----------------------------------------------
22/08/21 19:49:23 933 [debug]: 클라이언트가 접속했습니다.
22/08/21 19:49:23 934 [debug]: [Client] ::1 / Windows 10.0 / Chrome (104.0.0.0) / Microsoft Windows
22/08/21 19:49:23 935 [debug]: [GET] http://localhost:3001/product/1
22/08/21 19:49:23 939 [debug]: [HTTP %s Params] %s=%s
22/08/21 19:49:23 941 [info]:  >> Connection 임대됨 [threaId=126]
22/08/21 19:49:23 944 [debug]: SELECT id, product_name, price, img_url, product_state, cost FROM product WHERE category_id='1'
22/08/21 19:49:23 962 [info]:  >> Connection 반납됨 [threaId]=126
22/08/21 19:49:23 966 [debug]: 클라이언트의 접속이 종료되었습니다. ::: [Runtime] 32ms
22/08/21 19:49:23 966 [debug]: ----------------------------------------------
22/08/21 19:49:23 989 [debug]: 클라이언트가 접속했습니다.
22/08/21 19:49:23 991 [debug]: [Client] ::1 / Windows 10.0 / Chrome (104.0.0.0) / Microsoft Windows
22/08/21 19:49:23 994 [debug]: [GET] http://localhost:3001/upload/1660192969315.jpg
22/08/21 19:49:23 996 [debug]: 클라이언트가 접속했습니다.
22/08/21 19:49:23 997 [debug]: [Client] ::1 / Windows 10.0 / Chrome (104.0.0.0) / Microsoft Windows
22/08/21 19:49:24 000 [debug]: [GET] http://localhost:3001/upload/1660192975167.jpg
22/08/21 19:49:24 008 [debug]: 클라이언트가 접속했습니다.
22/08/21 19:49:24 011 [debug]: [Client] ::1 / Windows 10.0 / Chrome (104.0.0.0) / Microsoft Windows
22/08/21 19:49:24 012 [debug]: [GET] http://localhost:3001/upload/1660192982086.jpg
22/08/21 19:49:24 014 [debug]: 클라이언트가 접속했습니다.
22/08/21 19:49:24 015 [debug]: [Client] ::1 / Windows 10.0 / Chrome (104.0.0.0) / Microsoft Windows
22/08/21 19:49:24 015 [debug]: [GET] http://localhost:3001/upload/1660192987971.jpg
22/08/21 19:49:24 017 [debug]: 클라이언트가 접속했습니다.
22/08/21 19:49:24 018 [debug]: [Client] ::1 / Windows 10.0 / Chrome (104.0.0.0) / Microsoft Windows
22/08/21 19:49:24 019 [debug]: [GET] http://localhost:3001/upload/1660192992518.jpg
22/08/21 19:49:24 022 [debug]: 클라이언트의 접속이 종료되었습니다. ::: [Runtime] 31ms
22/08/21 19:49:24 023 [debug]: ----------------------------------------------
22/08/21 19:49:24 025 [debug]: 클라이언트의 접속이 종료되었습니다. ::: [Runtime] 28ms
22/08/21 19:49:24 026 [debug]: ----------------------------------------------
22/08/21 19:49:24 029 [debug]: 클라이언트가 접속했습니다.
22/08/21 19:49:24 030 [debug]: [Client] ::1 / Windows 10.0 / Chrome (104.0.0.0) / Microsoft Windows
22/08/21 19:49:24 033 [debug]: [GET] http://localhost:3001/upload/1660192998114.jpg
22/08/21 19:49:24 036 [debug]: 클라이언트의 접속이 종료되었습니다. ::: [Runtime] 26ms
22/08/21 19:49:24 037 [debug]: ----------------------------------------------
22/08/21 19:49:24 040 [debug]: 클라이언트의 접속이 종료되었습니다. ::: [Runtime] 25ms
22/08/21 19:49:24 043 [debug]: ----------------------------------------------
22/08/21 19:49:24 051 [debug]: 클라이언트의 접속이 종료되었습니다. ::: [Runtime] 33ms
22/08/21 19:49:24 052 [debug]: ----------------------------------------------
22/08/21 19:49:24 054 [debug]: 클라이언트가 접속했습니다.
22/08/21 19:49:24 055 [debug]: [Client] ::1 / Windows 10.0 / Chrome (104.0.0.0) / Microsoft Windows
22/08/21 19:49:24 056 [debug]: [GET] http://localhost:3001/upload/1660193008758.jpg
22/08/21 19:49:24 060 [debug]: 클라이언트가 접속했습니다.
22/08/21 19:49:24 061 [debug]: [Client] ::1 / Windows 10.0 / Chrome (104.0.0.0) / Microsoft Windows
22/08/21 19:49:24 063 [debug]: [GET] http://localhost:3001/upload/1660193003646.jpg
22/08/21 19:49:24 065 [debug]: 클라이언트의 접속이 종료되었습니다. ::: [Runtime] 35ms
22/08/21 19:49:24 066 [debug]: ----------------------------------------------
22/08/21 19:49:24 068 [debug]: 클라이언트의 접속이 종료되었습니다. ::: [Runtime] 13ms
22/08/21 19:49:24 069 [debug]: ----------------------------------------------
22/08/21 19:49:24 070 [debug]: 클라이언트의 접속이 종료되었습니다. ::: [Runtime] 9ms
22/08/21 19:49:24 072 [debug]: ----------------------------------------------
22/08/21 19:49:30 363 [debug]: 클라이언트가 접속했습니다.
22/08/21 19:49:30 364 [debug]: [Client] ::1 / Windows 10.0 / Chrome (104.0.0.0) / Microsoft Windows
22/08/21 19:49:30 365 [debug]: [GET] http://localhost:3001/product/4
22/08/21 19:49:30 368 [debug]: [HTTP %s Params] %s=%s
22/08/21 19:49:30 369 [info]:  >> Connection 임대됨 [threaId=128]
22/08/21 19:49:30 370 [debug]: SELECT id, product_name, price, img_url, product_state, cost FROM product WHERE category_id='4'
22/08/21 19:49:30 388 [info]:  >> Connection 반납됨 [threaId]=128
22/08/21 19:49:30 391 [debug]: 클라이언트의 접속이 종료되었습니다. ::: [Runtime] 28ms
22/08/21 19:49:30 392 [debug]: ----------------------------------------------
22/08/21 19:49:30 424 [debug]: 클라이언트가 접속했습니다.
22/08/21 19:49:30 425 [debug]: [Client] ::1 / Windows 10.0 / Chrome (104.0.0.0) / Microsoft Windows
22/08/21 19:49:30 426 [debug]: [GET] http://localhost:3001/upload/1660193437973.jpg
22/08/21 19:49:30 427 [debug]: 클라이언트가 접속했습니다.
22/08/21 19:49:30 428 [debug]: [Client] ::1 / Windows 10.0 / Chrome (104.0.0.0) / Microsoft Windows
22/08/21 19:49:30 429 [debug]: [GET] http://localhost:3001/upload/1660193444484.jpg
22/08/21 19:49:30 431 [debug]: 클라이언트가 접속했습니다.
22/08/21 19:49:30 431 [debug]: [Client] ::1 / Windows 10.0 / Chrome (104.0.0.0) / Microsoft Windows
22/08/21 19:49:30 432 [debug]: [GET] http://localhost:3001/upload/1660193449498.jpg
22/08/21 19:49:30 434 [debug]: 클라이언트가 접속했습니다.
22/08/21 19:49:30 435 [debug]: [Client] ::1 / Windows 10.0 / Chrome (104.0.0.0) / Microsoft Windows
22/08/21 19:49:30 437 [debug]: [GET] http://localhost:3001/upload/1660193454534.jpg
22/08/21 19:49:30 440 [debug]: 클라이언트의 접속이 종료되었습니다. ::: [Runtime] 15ms
22/08/21 19:49:30 441 [debug]: ----------------------------------------------
22/08/21 19:49:30 443 [debug]: 클라이언트의 접속이 종료되었습니다. ::: [Runtime] 15ms
22/08/21 19:49:30 444 [debug]: ----------------------------------------------
22/08/21 19:49:30 446 [debug]: 클라이언트의 접속이 종료되었습니다. ::: [Runtime] 15ms
22/08/21 19:49:30 447 [debug]: ----------------------------------------------
22/08/21 19:49:30 449 [debug]: 클라이언트의 접속이 종료되었습니다. ::: [Runtime] 14ms
22/08/21 19:49:30 449 [debug]: ----------------------------------------------
22/08/21 19:49:33 879 [debug]: 클라이언트가 접속했습니다.
22/08/21 19:49:33 880 [debug]: [Client] ::1 / Windows 10.0 / Chrome (104.0.0.0) / Microsoft Windows
22/08/21 19:49:33 882 [debug]: [GET] http://localhost:3001/product/7
22/08/21 19:49:33 885 [debug]: [HTTP %s Params] %s=%s
22/08/21 19:49:33 888 [info]:  >> Connection 임대됨 [threaId=126]
22/08/21 19:49:33 889 [debug]: SELECT id, product_name, price, img_url, product_state, cost FROM product WHERE category_id='7'
22/08/21 19:49:33 890 [info]:  >> Connection 반납됨 [threaId]=126
22/08/21 19:49:33 892 [debug]: 클라이언트의 접속이 종료되었습니다. ::: [Runtime] 12ms
22/08/21 19:49:33 894 [debug]: ----------------------------------------------
22/08/21 19:49:33 914 [debug]: 클라이언트가 접속했습니다.
22/08/21 19:49:33 915 [debug]: [Client] ::1 / Windows 10.0 / Chrome (104.0.0.0) / Microsoft Windows
22/08/21 19:49:33 916 [debug]: [GET] http://localhost:3001/upload/1660193715881.jpg
22/08/21 19:49:33 920 [debug]: 클라이언트가 접속했습니다.
22/08/21 19:49:33 921 [debug]: [Client] ::1 / Windows 10.0 / Chrome (104.0.0.0) / Microsoft Windows
22/08/21 19:49:33 923 [debug]: [GET] http://localhost:3001/upload/1660193721846.jpg
22/08/21 19:49:33 925 [debug]: 클라이언트가 접속했습니다.
22/08/21 19:49:33 926 [debug]: [Client] ::1 / Windows 10.0 / Chrome (104.0.0.0) / Microsoft Windows
22/08/21 19:49:33 926 [debug]: [GET] http://localhost:3001/upload/1660193728672.jpg
22/08/21 19:49:33 929 [debug]: 클라이언트가 접속했습니다.
22/08/21 19:49:33 929 [debug]: [Client] ::1 / Windows 10.0 / Chrome (104.0.0.0) / Microsoft Windows
22/08/21 19:49:33 930 [debug]: [GET] http://localhost:3001/upload/1660193734046.jpg
22/08/21 19:49:33 933 [debug]: 클라이언트가 접속했습니다.
22/08/21 19:49:33 934 [debug]: [Client] ::1 / Windows 10.0 / Chrome (104.0.0.0) / Microsoft Windows
22/08/21 19:49:33 935 [debug]: [GET] http://localhost:3001/upload/1660193742706.jpg
22/08/21 19:49:33 938 [debug]: 클라이언트가 접속했습니다.
22/08/21 19:49:33 940 [debug]: [Client] ::1 / Windows 10.0 / Chrome (104.0.0.0) / Microsoft Windows
22/08/21 19:49:33 941 [debug]: [GET] http://localhost:3001/upload/1660193757290.jpg
22/08/21 19:49:33 943 [debug]: 클라이언트의 접속이 종료되었습니다. ::: [Runtime] 28ms
22/08/21 19:49:33 944 [debug]: ----------------------------------------------
22/08/21 19:49:33 946 [debug]: 클라이언트의 접속이 종료되었습니다. ::: [Runtime] 25ms
22/08/21 19:49:33 946 [debug]: ----------------------------------------------
22/08/21 19:49:33 949 [debug]: 클라이언트의 접속이 종료되었습니다. ::: [Runtime] 24ms
22/08/21 19:49:33 951 [debug]: ----------------------------------------------
22/08/21 19:49:33 954 [debug]: 클라이언트의 접속이 종료되었습니다. ::: [Runtime] 25ms
22/08/21 19:49:33 957 [debug]: ----------------------------------------------
22/08/21 19:49:33 962 [debug]: 클라이언트의 접속이 종료되었습니다. ::: [Runtime] 28ms
22/08/21 19:49:33 966 [debug]: ----------------------------------------------
22/08/21 19:49:33 973 [debug]: 클라이언트의 접속이 종료되었습니다. ::: [Runtime] 32ms
22/08/21 19:49:33 974 [debug]: ----------------------------------------------
22/08/21 19:49:39 624 [debug]: 클라이언트가 접속했습니다.
22/08/21 19:49:39 625 [debug]: [Client] ::1 / Windows 10.0 / Chrome (104.0.0.0) / Microsoft Windows
22/08/21 19:49:39 625 [debug]: [OPTIONS] http://localhost:3001/product
22/08/21 19:49:39 627 [debug]: 클라이언트의 접속이 종료되었습니다. ::: [Runtime] 2ms
22/08/21 19:49:39 628 [debug]: ----------------------------------------------
22/08/21 19:49:39 629 [debug]: 클라이언트가 접속했습니다.
22/08/21 19:49:39 630 [debug]: [Client] ::1 / Windows 10.0 / Chrome (104.0.0.0) / Microsoft Windows
22/08/21 19:49:39 631 [debug]: [POST] http://localhost:3001/product
22/08/21 19:49:39 633 [debug]: [HTTP %s Params] %s=%s
22/08/21 19:49:39 634 [debug]: [HTTP %s Params] %s=%s
22/08/21 19:49:39 635 [info]:  >> Connection 임대됨 [threaId=128]
22/08/21 19:49:39 637 [debug]: INSERT INTO cart (amount, product_id)  VALUES ('3', '18');
22/08/21 19:49:39 639 [debug]: 클라이언트가 접속했습니다.
22/08/21 19:49:39 639 [debug]: [Client] ::1 / Windows 10.0 / Chrome (104.0.0.0) / Microsoft Windows
22/08/21 19:49:39 640 [debug]: [OPTIONS] http://localhost:3001/product
22/08/21 19:49:39 642 [debug]: 클라이언트의 접속이 종료되었습니다. ::: [Runtime] 3ms
22/08/21 19:49:39 643 [debug]: ----------------------------------------------
22/08/21 19:49:39 645 [debug]: 클라이언트가 접속했습니다.
22/08/21 19:49:39 647 [debug]: [Client] ::1 / Windows 10.0 / Chrome (104.0.0.0) / Microsoft Windows
22/08/21 19:49:39 647 [debug]: [POST] http://localhost:3001/product
22/08/21 19:49:39 649 [debug]: [HTTP %s Params] %s=%s
22/08/21 19:49:39 650 [debug]: [HTTP %s Params] %s=%s
22/08/21 19:49:39 651 [info]:  >> Connection 임대됨 [threaId=126]
22/08/21 19:49:39 653 [debug]: INSERT INTO cart (amount, product_id)  VALUES ('3', '24');
22/08/21 19:49:39 655 [info]:  >> Connection 반납됨 [threaId]=128
22/08/21 19:49:39 658 [debug]: 클라이언트의 접속이 종료되었습니다. ::: [Runtime] 28ms
22/08/21 19:49:39 659 [debug]: ----------------------------------------------
22/08/21 19:49:39 677 [info]:  >> Connection 반납됨 [threaId]=126
22/08/21 19:49:39 679 [debug]: 클라이언트의 접속이 종료되었습니다. ::: [Runtime] 34ms
22/08/21 19:49:39 680 [debug]: ----------------------------------------------
22/08/21 20:11:04 140 [info]: -------- Server is close -------
